e:\opengl\opengl\opengl\debug\vc141.pdb
e:\opengl\opengl\opengl\debug\vc141.idb
e:\opengl\opengl\opengl\debug\window.obj
e:\opengl\opengl\opengl\debug\triangle.obj
e:\opengl\opengl\opengl\debug\texture.obj
e:\opengl\opengl\opengl\debug\movetriangle.obj
e:\opengl\opengl\opengl\debug\colorpanel.obj
e:\opengl\opengl\debug\opengl.pdb
e:\opengl\opengl\opengl\debug\opengl.tlog\cl.command.1.tlog
e:\opengl\opengl\opengl\debug\opengl.tlog\cl.read.1.tlog
e:\opengl\opengl\opengl\debug\opengl.tlog\cl.write.1.tlog
e:\opengl\opengl\opengl\debug\opengl.tlog\link-cvtres.read.1.tlog
e:\opengl\opengl\opengl\debug\opengl.tlog\link-cvtres.write.1.tlog
e:\opengl\opengl\opengl\debug\opengl.tlog\link-rc.read.1.tlog
e:\opengl\opengl\opengl\debug\opengl.tlog\link-rc.write.1.tlog
e:\opengl\opengl\opengl\debug\opengl.tlog\link.10600-cvtres.read.1.tlog
e:\opengl\opengl\opengl\debug\opengl.tlog\link.10600-cvtres.write.1.tlog
e:\opengl\opengl\opengl\debug\opengl.tlog\link.10600-rc.read.1.tlog
e:\opengl\opengl\opengl\debug\opengl.tlog\link.10600-rc.write.1.tlog
e:\opengl\opengl\opengl\debug\opengl.tlog\link.10600.read.1.tlog
e:\opengl\opengl\opengl\debug\opengl.tlog\link.10600.write.1.tlog
e:\opengl\opengl\opengl\debug\opengl.tlog\link.command.1.tlog
e:\opengl\opengl\opengl\debug\opengl.tlog\link.read.1.tlog
e:\opengl\opengl\opengl\debug\opengl.tlog\link.write.1.tlog
